{"src/contracts/MEthToken.sol":{"l":{"14":22},"path":"/Users/dingchaoz/Documents/Learning/Blockchain/Solidity/defi_yield_farming-main/src/contracts/MEthToken.sol","s":{"1":22},"b":{},"f":{"1":22},"fnMap":{"1":{"name":"constructor","line":13,"loc":{"start":{"line":13,"column":4},"end":{"line":15,"column":4}}}},"statementMap":{"1":{"start":{"line":14,"column":8},"end":{"line":14,"column":40}}},"branchMap":{}},"src/contracts/TokenFarm.sol":{"l":{"38":22,"54":24,"55":24,"56":24,"57":14,"58":14,"60":24,"71":8,"74":8,"77":8,"80":8,"81":8,"85":8,"86":8,"89":8,"92":8,"100":3,"101":3,"102":3,"103":3,"104":3,"108":3,"109":3,"110":2,"111":2,"112":2,"119":2,"121":2,"123":2,"129":1,"130":1,"131":1,"132":1,"133":1,"143":10,"144":9,"146":1,"147":1,"148":1,"155":10,"156":10,"161":10,"162":10,"163":10,"169":1,"173":4,"177":47,"181":48,"182":27,"184":21,"195":22,"203":1},"path":"/Users/dingchaoz/Documents/Learning/Blockchain/Solidity/defi_yield_farming-main/src/contracts/TokenFarm.sol","s":{"1":22,"2":24,"3":24,"4":24,"5":14,"6":14,"7":8,"8":8,"9":8,"10":8,"11":8,"12":8,"13":8,"14":8,"15":8,"16":3,"17":3,"18":3,"19":3,"20":3,"21":3,"22":3,"23":2,"24":2,"25":2,"26":2,"27":2,"28":2,"29":1,"30":1,"31":1,"32":1,"33":1,"34":10,"35":9,"36":1,"37":1,"38":1,"39":10,"40":10,"41":10,"42":10,"43":10,"44":1,"45":4,"46":47,"47":48,"48":27,"49":21,"50":22,"51":1},"b":{"1":[14,10],"2":[8,0],"3":[8,0],"4":[3,0],"5":[2,1],"6":[1,0],"7":[9,1],"8":[10,0],"9":[27,21]},"f":{"1":22,"2":24,"3":8,"4":3,"5":3,"6":2,"7":1,"8":10,"9":1,"10":4,"11":47,"12":48,"13":22,"14":1},"fnMap":{"1":{"name":"constructor","line":37,"loc":{"start":{"line":37,"column":4},"end":{"line":40,"column":4}}},"2":{"name":"updateReward","line":53,"loc":{"start":{"line":53,"column":4},"end":{"line":61,"column":4}}},"3":{"name":"stakeTokens","line":69,"loc":{"start":{"line":66,"column":4},"end":{"line":93,"column":4}}},"4":{"name":"withdraw","line":98,"loc":{"start":{"line":95,"column":4},"end":{"line":105,"column":4}}},"5":{"name":"getReward","line":107,"loc":{"start":{"line":107,"column":4},"end":{"line":114,"column":4}}},"6":{"name":"unstakeTokens","line":117,"loc":{"start":{"line":117,"column":4},"end":{"line":124,"column":4}}},"7":{"name":"issueTokens","line":127,"loc":{"start":{"line":127,"column":4},"end":{"line":136,"column":4}}},"8":{"name":"notifyRewardAmount","line":141,"loc":{"start":{"line":139,"column":4},"end":{"line":164,"column":4}}},"9":{"name":"totalSupply","line":168,"loc":{"start":{"line":168,"column":4},"end":{"line":170,"column":4}}},"10":{"name":"balanceOf","line":172,"loc":{"start":{"line":172,"column":4},"end":{"line":174,"column":4}}},"11":{"name":"lastTimeRewardApplicable","line":176,"loc":{"start":{"line":176,"column":4},"end":{"line":178,"column":4}}},"12":{"name":"rewardPerToken","line":180,"loc":{"start":{"line":180,"column":4},"end":{"line":192,"column":4}}},"13":{"name":"earned","line":194,"loc":{"start":{"line":194,"column":4},"end":{"line":200,"column":4}}},"14":{"name":"getRewardForDuration","line":202,"loc":{"start":{"line":202,"column":4},"end":{"line":204,"column":4}}}},"statementMap":{"1":{"start":{"line":38,"column":8},"end":{"line":38,"column":27}},"2":{"start":{"line":54,"column":8},"end":{"line":54,"column":46}},"3":{"start":{"line":55,"column":8},"end":{"line":55,"column":50}},"4":{"start":{"line":56,"column":8},"end":{"line":56,"column":1829}},"5":{"start":{"line":57,"column":12},"end":{"line":57,"column":45}},"6":{"start":{"line":58,"column":12},"end":{"line":58,"column":65}},"7":{"start":{"line":71,"column":8},"end":{"line":71,"column":45}},"8":{"start":{"line":74,"column":8},"end":{"line":74,"column":45}},"9":{"start":{"line":77,"column":8},"end":{"line":77,"column":72}},"10":{"start":{"line":80,"column":8},"end":{"line":80,"column":2625}},"11":{"start":{"line":81,"column":12},"end":{"line":81,"column":35}},"12":{"start":{"line":85,"column":8},"end":{"line":85,"column":35}},"13":{"start":{"line":86,"column":8},"end":{"line":86,"column":35}},"14":{"start":{"line":89,"column":8},"end":{"line":89,"column":64}},"15":{"start":{"line":92,"column":8},"end":{"line":92,"column":40}},"16":{"start":{"line":100,"column":8},"end":{"line":100,"column":48}},"17":{"start":{"line":101,"column":8},"end":{"line":101,"column":45}},"18":{"start":{"line":102,"column":8},"end":{"line":102,"column":75}},"19":{"start":{"line":103,"column":8},"end":{"line":103,"column":45}},"20":{"start":{"line":104,"column":8},"end":{"line":104,"column":43}},"21":{"start":{"line":108,"column":8},"end":{"line":108,"column":44}},"22":{"start":{"line":109,"column":8},"end":{"line":109,"column":3541}},"23":{"start":{"line":110,"column":12},"end":{"line":110,"column":34}},"24":{"start":{"line":111,"column":12},"end":{"line":111,"column":48}},"25":{"start":{"line":112,"column":12},"end":{"line":112,"column":47}},"26":{"start":{"line":119,"column":8},"end":{"line":119,"column":36}},"27":{"start":{"line":121,"column":8},"end":{"line":121,"column":43}},"28":{"start":{"line":123,"column":8},"end":{"line":123,"column":18}},"29":{"start":{"line":129,"column":8},"end":{"line":129,"column":4270}},"30":{"start":{"line":130,"column":12},"end":{"line":130,"column":42}},"31":{"start":{"line":131,"column":12},"end":{"line":131,"column":55}},"32":{"start":{"line":132,"column":12},"end":{"line":132,"column":4434}},"33":{"start":{"line":133,"column":16},"end":{"line":133,"column":52}},"34":{"start":{"line":143,"column":8},"end":{"line":143,"column":4721}},"35":{"start":{"line":144,"column":12},"end":{"line":144,"column":51}},"36":{"start":{"line":146,"column":12},"end":{"line":146,"column":65}},"37":{"start":{"line":147,"column":12},"end":{"line":147,"column":56}},"38":{"start":{"line":148,"column":12},"end":{"line":148,"column":65}},"39":{"start":{"line":155,"column":8},"end":{"line":155,"column":59}},"40":{"start":{"line":156,"column":8},"end":{"line":156,"column":5448}},"41":{"start":{"line":161,"column":8},"end":{"line":161,"column":39}},"42":{"start":{"line":162,"column":8},"end":{"line":162,"column":58}},"43":{"start":{"line":163,"column":8},"end":{"line":163,"column":32}},"44":{"start":{"line":169,"column":8},"end":{"line":169,"column":26}},"45":{"start":{"line":173,"column":8},"end":{"line":173,"column":38}},"46":{"start":{"line":177,"column":8},"end":{"line":177,"column":54}},"47":{"start":{"line":181,"column":8},"end":{"line":181,"column":6169}},"48":{"start":{"line":182,"column":12},"end":{"line":182,"column":39}},"49":{"start":{"line":184,"column":8},"end":{"line":184,"column":6257}},"50":{"start":{"line":195,"column":8},"end":{"line":195,"column":6616}},"51":{"start":{"line":203,"column":8},"end":{"line":203,"column":46}}},"branchMap":{"1":{"line":56,"type":"if","locations":[{"start":{"line":56,"column":8},"end":{"line":56,"column":8}},{"start":{"line":56,"column":8},"end":{"line":56,"column":8}}]},"2":{"line":71,"type":"if","locations":[{"start":{"line":71,"column":8},"end":{"line":71,"column":8}},{"start":{"line":71,"column":8},"end":{"line":71,"column":8}}]},"3":{"line":80,"type":"if","locations":[{"start":{"line":80,"column":8},"end":{"line":80,"column":8}},{"start":{"line":80,"column":8},"end":{"line":80,"column":8}}]},"4":{"line":100,"type":"if","locations":[{"start":{"line":100,"column":8},"end":{"line":100,"column":8}},{"start":{"line":100,"column":8},"end":{"line":100,"column":8}}]},"5":{"line":109,"type":"if","locations":[{"start":{"line":109,"column":8},"end":{"line":109,"column":8}},{"start":{"line":109,"column":8},"end":{"line":109,"column":8}}]},"6":{"line":132,"type":"if","locations":[{"start":{"line":132,"column":12},"end":{"line":132,"column":12}},{"start":{"line":132,"column":12},"end":{"line":132,"column":12}}]},"7":{"line":143,"type":"if","locations":[{"start":{"line":143,"column":8},"end":{"line":143,"column":8}},{"start":{"line":143,"column":8},"end":{"line":143,"column":8}}]},"8":{"line":156,"type":"if","locations":[{"start":{"line":156,"column":8},"end":{"line":156,"column":8}},{"start":{"line":156,"column":8},"end":{"line":156,"column":8}}]},"9":{"line":181,"type":"if","locations":[{"start":{"line":181,"column":8},"end":{"line":181,"column":8}},{"start":{"line":181,"column":8},"end":{"line":181,"column":8}}]}}}}