TN:
SF:/Users/dingchaoz/Documents/Learning/Blockchain/Solidity/defi_yield_farming-main/src/contracts/MEthToken.sol
FN:13,constructor
FNF:1
FNH:1
FNDA:22,constructor
DA:14,22
LF:1
LH:1
BRF:0
BRH:0
end_of_record
TN:
SF:/Users/dingchaoz/Documents/Learning/Blockchain/Solidity/defi_yield_farming-main/src/contracts/TokenFarm.sol
FN:37,constructor
FN:53,updateReward
FN:69,stakeTokens
FN:98,withdraw
FN:107,getReward
FN:117,unstakeTokens
FN:127,issueTokens
FN:141,notifyRewardAmount
FN:168,totalSupply
FN:172,balanceOf
FN:176,lastTimeRewardApplicable
FN:180,rewardPerToken
FN:194,earned
FN:202,getRewardForDuration
FNF:14
FNH:14
FNDA:22,constructor
FNDA:24,updateReward
FNDA:8,stakeTokens
FNDA:3,withdraw
FNDA:3,getReward
FNDA:2,unstakeTokens
FNDA:1,issueTokens
FNDA:10,notifyRewardAmount
FNDA:1,totalSupply
FNDA:4,balanceOf
FNDA:47,lastTimeRewardApplicable
FNDA:48,rewardPerToken
FNDA:22,earned
FNDA:1,getRewardForDuration
DA:38,22
DA:54,24
DA:55,24
DA:56,24
DA:57,14
DA:58,14
DA:60,24
DA:71,8
DA:74,8
DA:77,8
DA:80,8
DA:81,8
DA:85,8
DA:86,8
DA:89,8
DA:92,8
DA:100,3
DA:101,3
DA:102,3
DA:103,3
DA:104,3
DA:108,3
DA:109,3
DA:110,2
DA:111,2
DA:112,2
DA:119,2
DA:121,2
DA:123,2
DA:129,1
DA:130,1
DA:131,1
DA:132,1
DA:133,1
DA:143,10
DA:144,9
DA:146,1
DA:147,1
DA:148,1
DA:155,10
DA:156,10
DA:161,10
DA:162,10
DA:163,10
DA:169,1
DA:173,4
DA:177,47
DA:181,48
DA:182,27
DA:184,21
DA:195,22
DA:203,1
LF:52
LH:52
BRDA:56,1,0,14
BRDA:56,1,1,10
BRDA:71,2,0,8
BRDA:71,2,1,0
BRDA:80,3,0,8
BRDA:80,3,1,0
BRDA:100,4,0,3
BRDA:100,4,1,0
BRDA:109,5,0,2
BRDA:109,5,1,1
BRDA:132,6,0,1
BRDA:132,6,1,0
BRDA:143,7,0,9
BRDA:143,7,1,1
BRDA:156,8,0,10
BRDA:156,8,1,0
BRDA:181,9,0,27
BRDA:181,9,1,21
BRF:18
BRH:13
end_of_record
